<?xml version="1.0" encoding="UTF-8"?>
<TestRun id="e9077aac-8fd8-40f0-b802-d35f8488b75e" name="QW29@INLTD12613 2017-03-27 16:17:51" runUser="TESCOGLOBAL\QW29" xmlns="http://microsoft.com/schemas/VisualStudio/TeamTest/2010">
  <TestSettings name="TestSettings1" id="21859d0f-7bdc-4165-b9ad-05fc803c9ee9">
    <Description>These are default test settings for a local test run.</Description>
    <Deployment enabled="false" runDeploymentRoot="QW29_INLTD12613 2017-03-27 16_17_51">
      <DeploymentItem filename="D:\git_New\Automation\6355\TestAutomation\Source\Tesco.MVC.TestFrameworks\Build\Tesco.Framework.Common.Logging.dll" />
      <DeploymentItem filename="D:\git_New\Automation\6355\TestAutomation\Source\Tesco.MVC.TestFrameworks\ReferenceDll\Selenium.WebDriverBackedSelenium.dll" />
      <DeploymentItem filename="D:\git_New\Automation\6355\TestAutomation\Source\Tesco.MVC.TestFrameworks\ReferenceDll\WebDriver.dll" />
      <DeploymentItem filename="D:\git_New\Automation\6355\TestAutomation\Source\Tesco.MVC.TestFrameworks\Tesco.Framework.UITesting.Services\bin\Debug\Tesco.Framework.UITesting.Services.dll" />
      <DeploymentItem filename="D:\git_New\Automation\6355\TestAutomation\Source\Tesco.MVC.TestFrameworks\ReferenceDll\nunit.framework.dll" />
      <DeploymentItem filename="D:\git_New\Automation\6355\TestAutomation\Source\Tesco.MVC.TestFrameworks\ReferenceDll\ThoughtWorks.Selenium.Core.dll" />
      <DeploymentItem filename="D:\git_New\Automation\6355\TestAutomation\Source\Tesco.MVC.TestFrameworks\ReferenceDll\Newtonsoft.Json.dll" />
      <DeploymentItem filename="D:\git_New\Automation\6355\TestAutomation\Source\Tesco.MVC.TestFrameworks\Build\Tesco.Framework.Common.Utilities.dll" />
      <DeploymentItem filename="D:\git_New\Automation\6355\TestAutomation\Source\Tesco.MVC.TestFrameworks\ReferenceDll\Tesco.NGC.RestClient.dll" />
      <DeploymentItem filename="D:\git_New\Automation\6355\TestAutomation\Source\Tesco.MVC.TestFrameworks\ReferenceDll\WebDriver.Support.dll" />
    </Deployment>
    <Execution parallelTestCount="5">
      <TestTypeSpecific>
        <UnitTestRunConfig testTypeId="13cdc9d9-ddb5-4fa4-a97d-d965ccfc6d4b">
          <AssemblyResolution>
            <TestDirectory useLoadContext="true" />
          </AssemblyResolution>
        </UnitTestRunConfig>
      </TestTypeSpecific>
      <AgentRule name="Execution Agents">
      </AgentRule>
    </Execution>
  </TestSettings>
  <Times creation="2017-03-27T16:17:51.3615615+05:30" queuing="2017-03-27T16:17:51.9231615+05:30" start="2017-03-27T16:17:51.9699615+05:30" finish="2017-03-27T16:19:27.9623615+05:30" />
  <ResultSummary outcome="Completed">
    <Counters total="1" executed="1" passed="1" error="0" failed="0" timeout="0" aborted="0" inconclusive="0" passedButRunAborted="0" notRunnable="0" notExecuted="0" disconnected="0" warning="0" completed="0" inProgress="0" pending="0" />
  </ResultSummary>
  <TestDefinitions>
    <UnitTest name="LeftNavigation_ValidatePageTitle_Points" storage="d:\git_new\automation\6355\testautomation\source\tesco.mvc.testframeworks\tesco.framework.uitesting\bin\debug\tesco.framework.uitesting.dll" id="f032f632-dc99-0e12-1a38-6aa6ace59aff">
      <Description>To Click on My Point link And Verify the Title</Description>
      <TestCategory>
        <TestCategoryItem TestCategory="Sanity" />
        <TestCategoryItem TestCategory="LeftNavigation" />
      </TestCategory>
      <Execution id="2f82120d-b3fc-4866-a5bf-d1b441dce87d" />
      <TestMethod codeBase="D:/git_New/Automation/6355/TestAutomation/Source/Tesco.MVC.TestFrameworks/Tesco.Framework.UITesting/bin/Debug/Tesco.Framework.UITesting.DLL" adapterTypeName="Microsoft.VisualStudio.TestTools.TestTypes.Unit.UnitTestAdapter, Microsoft.VisualStudio.QualityTools.Tips.UnitTest.Adapter, Version=10.0.0.0, Culture=neutral, PublicKeyToken=b03f5f7f11d50a3a" className="Tesco.Framework.UITesting.Test.MyPointsTestSuite, Tesco.Framework.UITesting, Version=1.0.0.0, Culture=neutral, PublicKeyToken=null" name="LeftNavigation_ValidatePageTitle_Points" />
    </UnitTest>
  </TestDefinitions>
  <TestLists>
    <TestList name="Results Not in a List" id="8c84fa94-04c1-424b-9868-57a2d4851a1d" />
    <TestList name="All Loaded Results" id="19431567-8539-422a-85d7-44ee4e166bda" />
  </TestLists>
  <TestEntries>
    <TestEntry testId="f032f632-dc99-0e12-1a38-6aa6ace59aff" executionId="2f82120d-b3fc-4866-a5bf-d1b441dce87d" testListId="8c84fa94-04c1-424b-9868-57a2d4851a1d" />
  </TestEntries>
  <Results>
    <UnitTestResult executionId="2f82120d-b3fc-4866-a5bf-d1b441dce87d" testId="f032f632-dc99-0e12-1a38-6aa6ace59aff" testName="LeftNavigation_ValidatePageTitle_Points" computerName="INLTD12613" duration="00:01:35.5250247" startTime="2017-03-27T16:17:52.0323615+05:30" endTime="2017-03-27T16:19:27.8999615+05:30" testType="13cdc9d9-ddb5-4fa4-a97d-d965ccfc6d4b" outcome="Passed" testListId="8c84fa94-04c1-424b-9868-57a2d4851a1d" relativeResultsDirectory="2f82120d-b3fc-4866-a5bf-d1b441dce87d">
      <Output>
        <StdErr>log4net:ERROR XmlConfigurator: Failed to initialize configuration file watcher for file [D:\git_New\Automation\6355\TestAutomation\Source\Tesco.MVC.TestFrameworks\Source\Tesco.MVC.TestFrameworks\Driver\log4net.config]
System.ArgumentException: The directory name D:\git_New\Automation\6355\TestAutomation\Source\Tesco.MVC.TestFrameworks\Source\Tesco.MVC.TestFrameworks\Driver is invalid.
   at System.IO.FileSystemWatcher.set_Path(String value)
   at log4net.Config.XmlConfigurator.ConfigureAndWatchHandler..ctor(ILoggerRepository repository, FileInfo configFile)
   at log4net.Config.XmlConfigurator.ConfigureAndWatch(ILoggerRepository repository, FileInfo configFile)</StdErr>
        <DebugTrace>log4net:ERROR XmlConfigurator: Failed to initialize configuration file watcher for file [D:\git_New\Automation\6355\TestAutomation\Source\Tesco.MVC.TestFrameworks\Source\Tesco.MVC.TestFrameworks\Driver\log4net.config]
System.ArgumentException: The directory name D:\git_New\Automation\6355\TestAutomation\Source\Tesco.MVC.TestFrameworks\Source\Tesco.MVC.TestFrameworks\Driver is invalid.
   at System.IO.FileSystemWatcher.set_Path(String value)
   at log4net.Config.XmlConfigurator.ConfigureAndWatchHandler..ctor(ILoggerRepository repository, FileInfo configFile)
   at log4net.Config.XmlConfigurator.ConfigureAndWatch(ILoggerRepository repository, FileInfo configFile)
Waited for input[id='ClubcardNumber'] control by 280 mili sec.
Login_Verification|Login Successfull with -634004024037002278
Waited for input[id*='btnSbmtNumbers'] control by 296 mili sec.
myPoint_verifyPageName - Starting
Points - expected link name
myPoint_verifyPageName - Starting
</DebugTrace>
      </Output>
    </UnitTestResult>
  </Results>
</TestRun>