<?xml version="1.0" encoding="UTF-8"?>
<TestRun id="2f142c91-51e2-4bb0-ad11-f704b353b186" name="QW29@INLTD12613 2017-03-27 17:22:51" runUser="TESCOGLOBAL\QW29" xmlns="http://microsoft.com/schemas/VisualStudio/TeamTest/2010">
  <TestSettings name="TestSettings1" id="21859d0f-7bdc-4165-b9ad-05fc803c9ee9">
    <Description>These are default test settings for a local test run.</Description>
    <Deployment enabled="false" runDeploymentRoot="QW29_INLTD12613 2017-03-27 17_22_51">
      <DeploymentItem filename="D:\git_New\Automation\6355\TestAutomation\Source\Tesco.MVC.TestFrameworks\Build\Tesco.Framework.Common.Logging.dll" />
      <DeploymentItem filename="D:\git_New\Automation\6355\TestAutomation\Source\Tesco.MVC.TestFrameworks\ReferenceDll\Selenium.WebDriverBackedSelenium.dll" />
      <DeploymentItem filename="D:\git_New\Automation\6355\TestAutomation\Source\Tesco.MVC.TestFrameworks\ReferenceDll\WebDriver.dll" />
      <DeploymentItem filename="D:\git_New\Automation\6355\TestAutomation\Source\Tesco.MVC.TestFrameworks\Tesco.Framework.UITesting.Services\bin\Debug\Tesco.Framework.UITesting.Services.dll" />
      <DeploymentItem filename="D:\git_New\Automation\6355\TestAutomation\Source\Tesco.MVC.TestFrameworks\ReferenceDll\nunit.framework.dll" />
      <DeploymentItem filename="D:\git_New\Automation\6355\TestAutomation\Source\Tesco.MVC.TestFrameworks\ReferenceDll\ThoughtWorks.Selenium.Core.dll" />
      <DeploymentItem filename="D:\git_New\Automation\6355\TestAutomation\Source\Tesco.MVC.TestFrameworks\ReferenceDll\Newtonsoft.Json.dll" />
      <DeploymentItem filename="D:\git_New\Automation\6355\TestAutomation\Source\Tesco.MVC.TestFrameworks\Build\Tesco.Framework.Common.Utilities.dll" />
      <DeploymentItem filename="D:\git_New\Automation\6355\TestAutomation\Source\Tesco.MVC.TestFrameworks\ReferenceDll\Tesco.NGC.RestClient.dll" />
      <DeploymentItem filename="D:\git_New\Automation\6355\TestAutomation\Source\Tesco.MVC.TestFrameworks\ReferenceDll\WebDriver.Support.dll" />
    </Deployment>
    <Execution parallelTestCount="5">
      <TestTypeSpecific>
        <UnitTestRunConfig testTypeId="13cdc9d9-ddb5-4fa4-a97d-d965ccfc6d4b">
          <AssemblyResolution>
            <TestDirectory useLoadContext="true" />
          </AssemblyResolution>
        </UnitTestRunConfig>
      </TestTypeSpecific>
      <AgentRule name="Execution Agents">
      </AgentRule>
    </Execution>
  </TestSettings>
  <Times creation="2017-03-27T17:22:51.6979187+05:30" queuing="2017-03-27T17:22:52.6495187+05:30" start="2017-03-27T17:22:52.7587187+05:30" finish="2017-03-27T17:24:35.7513187+05:30" />
  <ResultSummary outcome="Error">
    <Counters total="1" executed="1" error="0" failed="0" timeout="0" aborted="1" inconclusive="0" passedButRunAborted="0" notRunnable="0" notExecuted="0" disconnected="0" warning="0" passed="0" completed="0" inProgress="0" pending="0" />
    <RunInfos>
      <RunInfo computerName="INLTD12613" outcome="Error" timestamp="2017-03-27T17:24:35.7513187+05:30">
        <Text>Test host process exited unexpectedly.</Text>
      </RunInfo>
    </RunInfos>
  </ResultSummary>
  <TestDefinitions>
    <UnitTest name="Home_HistoricalVoucherStripLinkIsAvailiable" storage="d:\git_new\automation\6355\testautomation\source\tesco.mvc.testframeworks\tesco.framework.uitesting\bin\debug\tesco.framework.uitesting.dll" id="3e1e9724-43df-62a7-e8ac-35beabaf90a8">
      <Description>Verify historical Voucher strip is availiable if Config key IsVoucherStripVisible is enable and logged in customer is non voucher customer and having vouchers</Description>
      <TestCategory>
        <TestCategoryItem TestCategory="HomePage" />
        <TestCategoryItem TestCategory="P1" />
      </TestCategory>
      <Execution id="dfc934ba-5312-461c-abcd-f61e8658e597" />
      <TestMethod codeBase="D:/git_New/Automation/6355/TestAutomation/Source/Tesco.MVC.TestFrameworks/Tesco.Framework.UITesting/bin/Debug/Tesco.Framework.UITesting.DLL" adapterTypeName="Microsoft.VisualStudio.TestTools.TestTypes.Unit.UnitTestAdapter, Microsoft.VisualStudio.QualityTools.Tips.UnitTest.Adapter, Version=10.0.0.0, Culture=neutral, PublicKeyToken=b03f5f7f11d50a3a" className="Tesco.Framework.UITesting.Test.HomeTestSuit, Tesco.Framework.UITesting, Version=1.0.0.0, Culture=neutral, PublicKeyToken=null" name="Home_HistoricalVoucherStripLinkIsAvailiable" />
    </UnitTest>
  </TestDefinitions>
  <TestLists>
    <TestList name="Results Not in a List" id="8c84fa94-04c1-424b-9868-57a2d4851a1d" />
    <TestList name="All Loaded Results" id="19431567-8539-422a-85d7-44ee4e166bda" />
  </TestLists>
  <TestEntries>
    <TestEntry testId="3e1e9724-43df-62a7-e8ac-35beabaf90a8" executionId="dfc934ba-5312-461c-abcd-f61e8658e597" testListId="8c84fa94-04c1-424b-9868-57a2d4851a1d" />
  </TestEntries>
  <Results>
    <UnitTestResult executionId="dfc934ba-5312-461c-abcd-f61e8658e597" testId="3e1e9724-43df-62a7-e8ac-35beabaf90a8" testName="Home_HistoricalVoucherStripLinkIsAvailiable" computerName="INLTD12613" duration="00:01:42.8990000" startTime="2017-03-27T17:22:52.8523187+05:30" endTime="2017-03-27T17:24:35.7513187+05:30" testType="13cdc9d9-ddb5-4fa4-a97d-d965ccfc6d4b" outcome="Aborted" testListId="8c84fa94-04c1-424b-9868-57a2d4851a1d" relativeResultsDirectory="dfc934ba-5312-461c-abcd-f61e8658e597">
    </UnitTestResult>
  </Results>
</TestRun>