<?xml version="1.0" encoding="UTF-8"?>
<TestRun id="7cbd6a5f-b5f7-4c8c-9e22-33bcf69cbe8a" name="QW29@INLTD12613 2016-06-05 10:43:34" runUser="TESCOGLOBAL\QW29" xmlns="http://microsoft.com/schemas/VisualStudio/TeamTest/2010">
  <TestSettings name="Local" id="60266e05-263a-4775-821d-544588b99287">
    <Description>These are default test settings for a local test run.</Description>
    <Deployment enabled="false" runDeploymentRoot="QW29_INLTD12613 2016-06-05 10_43_34">
      <DeploymentItem filename="D:\Test\webApp\webApp\bin\webApp.dll" />
    </Deployment>
    <Execution>
      <TestTypeSpecific />
      <AgentRule name="Execution Agents">
      </AgentRule>
    </Execution>
  </TestSettings>
  <Times creation="2016-06-05T10:43:34.8465157+05:30" queuing="2016-06-05T10:43:36.5000839+05:30" start="2016-06-05T10:43:36.5624827+05:30" finish="2016-06-05T10:44:00.5142246+05:30" />
  <ResultSummary outcome="Inconclusive">
    <Counters total="1" executed="1" error="0" failed="0" timeout="0" aborted="0" inconclusive="1" passedButRunAborted="0" notRunnable="0" notExecuted="0" disconnected="0" warning="0" passed="0" completed="0" inProgress="0" pending="0" />
    <RunInfos>
      <RunInfo computerName="INLTD12613" outcome="Warning" timestamp="2016-06-05T10:43:35.3457061+05:30">
        <Text>Deployment is currently disabled. The deployment item 'webApp.dll' on test 'TestProject1.StringOperationsTest.findFactorialsTest' was not deployed.</Text>
      </RunInfo>
    </RunInfos>
  </ResultSummary>
  <TestDefinitions>
    <UnitTest name="findFactorialsTest" storage="d:\test\webapp\testproject1\bin\debug\testproject1.dll" id="4db3daca-83c9-c405-525d-4aa600d705e3">
      <DeploymentItems>
        <DeploymentItem filename="webApp.dll" />
      </DeploymentItems>
      <Execution id="46121774-f884-458e-a4b4-406556d030a7" />
      <TestMethod codeBase="D:/Test/webApp/TestProject1/bin/Debug/TestProject1.DLL" adapterTypeName="Microsoft.VisualStudio.TestTools.TestTypes.Unit.UnitTestAdapter, Microsoft.VisualStudio.QualityTools.Tips.UnitTest.Adapter, Version=10.0.0.0, Culture=neutral, PublicKeyToken=b03f5f7f11d50a3a" className="TestProject1.StringOperationsTest, TestProject1, Version=1.0.0.0, Culture=neutral, PublicKeyToken=null" name="findFactorialsTest" />
      <AspNet webSiteUrl="http://localhost:64889/">
        <Host pathToWebApp="D:\Test\webApp\webApp" webAppRoot="/" />
      </AspNet>
    </UnitTest>
  </TestDefinitions>
  <TestLists>
    <TestList name="Results Not in a List" id="8c84fa94-04c1-424b-9868-57a2d4851a1d" />
    <TestList name="All Loaded Results" id="19431567-8539-422a-85d7-44ee4e166bda" />
  </TestLists>
  <TestEntries>
    <TestEntry testId="4db3daca-83c9-c405-525d-4aa600d705e3" executionId="46121774-f884-458e-a4b4-406556d030a7" testListId="8c84fa94-04c1-424b-9868-57a2d4851a1d" />
  </TestEntries>
  <Results>
    <UnitTestResult executionId="46121774-f884-458e-a4b4-406556d030a7" testId="4db3daca-83c9-c405-525d-4aa600d705e3" testName="findFactorialsTest" computerName="INLTD12613" duration="00:00:00.0635661" startTime="2016-06-05T10:43:36.7340794+05:30" endTime="2016-06-05T10:44:00.3894270+05:30" testType="13cdc9d9-ddb5-4fa4-a97d-d965ccfc6d4b" outcome="Inconclusive" testListId="8c84fa94-04c1-424b-9868-57a2d4851a1d" relativeResultsDirectory="46121774-f884-458e-a4b4-406556d030a7">
      <Output>
        <ErrorInfo>
          <Message>Assert.Inconclusive failed. Verify the correctness of this test method.</Message>
          <StackTrace>   at TestProject1.StringOperationsTest.findFactorialsTest() in D:\Test\webApp\TestProject1\StringOperationsTest.cs:line 87
</StackTrace>
        </ErrorInfo>
      </Output>
    </UnitTestResult>
  </Results>
</TestRun>