<?xml version="1.0" encoding="UTF-8"?>
<TestRun id="896c8896-ea7c-45a3-802d-1ad4f158ac17" name="QW29@INLTD12613 2016-06-05 10:45:11" runUser="TESCOGLOBAL\QW29" xmlns="http://microsoft.com/schemas/VisualStudio/TeamTest/2010">
  <TestSettings name="Local" id="60266e05-263a-4775-821d-544588b99287">
    <Description>These are default test settings for a local test run.</Description>
    <Deployment enabled="false" runDeploymentRoot="QW29_INLTD12613 2016-06-05 10_45_11">
      <DeploymentItem filename="D:\Test\webApp\webApp\bin\webApp.dll" />
    </Deployment>
    <Execution>
      <TestTypeSpecific />
      <AgentRule name="Execution Agents">
      </AgentRule>
    </Execution>
  </TestSettings>
  <Times creation="2016-06-05T10:45:11.1949646+05:30" queuing="2016-06-05T10:45:12.3493424+05:30" start="2016-06-05T10:45:12.4585403+05:30" finish="2016-06-05T10:45:14.7048971+05:30" />
  <ResultSummary outcome="Inconclusive">
    <Counters total="1" executed="1" error="0" failed="0" timeout="0" aborted="0" inconclusive="1" passedButRunAborted="0" notRunnable="0" notExecuted="0" disconnected="0" warning="0" passed="0" completed="0" inProgress="0" pending="0" />
    <RunInfos>
      <RunInfo computerName="INLTD12613" outcome="Warning" timestamp="2016-06-05T10:45:11.2729631+05:30">
        <Text>Deployment is currently disabled. The deployment item 'webApp.dll' on test 'TestProject1.StringOperationsTest.findFactorialsTest' was not deployed.</Text>
      </RunInfo>
    </RunInfos>
  </ResultSummary>
  <TestDefinitions>
    <UnitTest name="findFactorialsTest" storage="d:\test\webapp\testproject1\bin\debug\testproject1.dll" id="4db3daca-83c9-c405-525d-4aa600d705e3">
      <DeploymentItems>
        <DeploymentItem filename="webApp.dll" />
      </DeploymentItems>
      <Execution id="e90227af-f96a-4c8e-9fd4-0a570f3837e5" />
      <TestMethod codeBase="D:/Test/webApp/TestProject1/bin/Debug/TestProject1.DLL" adapterTypeName="Microsoft.VisualStudio.TestTools.TestTypes.Unit.UnitTestAdapter, Microsoft.VisualStudio.QualityTools.Tips.UnitTest.Adapter, Version=10.0.0.0, Culture=neutral, PublicKeyToken=b03f5f7f11d50a3a" className="TestProject1.StringOperationsTest, TestProject1, Version=1.0.0.0, Culture=neutral, PublicKeyToken=null" name="findFactorialsTest" />
      <AspNet webSiteUrl="http://localhost:64889/">
        <Host pathToWebApp="D:\Test\webApp\webApp" webAppRoot="/" />
      </AspNet>
    </UnitTest>
  </TestDefinitions>
  <TestLists>
    <TestList name="Results Not in a List" id="8c84fa94-04c1-424b-9868-57a2d4851a1d" />
    <TestList name="All Loaded Results" id="19431567-8539-422a-85d7-44ee4e166bda" />
  </TestLists>
  <TestEntries>
    <TestEntry testId="4db3daca-83c9-c405-525d-4aa600d705e3" executionId="e90227af-f96a-4c8e-9fd4-0a570f3837e5" testListId="8c84fa94-04c1-424b-9868-57a2d4851a1d" />
  </TestEntries>
  <Results>
    <UnitTestResult executionId="e90227af-f96a-4c8e-9fd4-0a570f3837e5" testId="4db3daca-83c9-c405-525d-4aa600d705e3" testName="findFactorialsTest" computerName="INLTD12613" duration="00:00:00.0068439" startTime="2016-06-05T10:45:13.7533154+05:30" endTime="2016-06-05T10:45:14.6736977+05:30" testType="13cdc9d9-ddb5-4fa4-a97d-d965ccfc6d4b" outcome="Inconclusive" testListId="8c84fa94-04c1-424b-9868-57a2d4851a1d" relativeResultsDirectory="e90227af-f96a-4c8e-9fd4-0a570f3837e5">
      <Output>
        <ErrorInfo>
          <Message>Assert.Inconclusive failed. Verify the correctness of this test method.</Message>
          <StackTrace>   at TestProject1.StringOperationsTest.findFactorialsTest() in D:\Test\webApp\TestProject1\StringOperationsTest.cs:line 87
</StackTrace>
        </ErrorInfo>
      </Output>
    </UnitTestResult>
  </Results>
</TestRun>