<?xml version="1.0" encoding="UTF-8"?>
<TestRun id="5d183688-8e9a-4709-89ef-c566e6b81323" name="QW29@INLTD12613 2016-06-05 10:55:11" runUser="TESCOGLOBAL\QW29" xmlns="http://microsoft.com/schemas/VisualStudio/TeamTest/2010">
  <TestSettings name="Local" id="60266e05-263a-4775-821d-544588b99287">
    <Description>These are default test settings for a local test run.</Description>
    <Deployment enabled="false" runDeploymentRoot="QW29_INLTD12613 2016-06-05 10_55_11">
      <DeploymentItem filename="D:\Test\webApp\webApp\bin\webApp.dll" />
    </Deployment>
    <Execution>
      <TestTypeSpecific />
      <AgentRule name="Execution Agents">
      </AgentRule>
    </Execution>
  </TestSettings>
  <Times creation="2016-06-05T10:55:11.1800531+05:30" queuing="2016-06-05T10:55:12.4124531+05:30" start="2016-06-05T10:55:12.5216531+05:30" finish="2016-06-05T10:56:07.9560531+05:30" />
  <ResultSummary outcome="Error">
    <Counters total="1" executed="1" error="0" failed="0" timeout="0" aborted="1" inconclusive="0" passedButRunAborted="0" notRunnable="0" notExecuted="0" disconnected="0" warning="0" passed="0" completed="0" inProgress="0" pending="0" />
    <RunInfos>
      <RunInfo computerName="INLTD12613" outcome="Error" timestamp="2016-06-05T10:56:07.9540531+05:30">
        <Text>Test host process exited unexpectedly.</Text>
      </RunInfo>
    </RunInfos>
  </ResultSummary>
  <TestDefinitions>
    <UnitTest name="AddTest" storage="d:\test\webapp\testproject1\bin\debug\testproject1.dll" id="5476d579-e9df-421d-70e5-474ad8b7344b">
      <Execution id="922ffd0d-c090-4ecf-852a-366360b203f4" />
      <TestMethod codeBase="D:/Test/webApp/TestProject1/bin/Debug/TestProject1.DLL" adapterTypeName="Microsoft.VisualStudio.TestTools.TestTypes.Unit.UnitTestAdapter, Microsoft.VisualStudio.QualityTools.Tips.UnitTest.Adapter, Version=10.0.0.0, Culture=neutral, PublicKeyToken=b03f5f7f11d50a3a" className="TestProject1.LinkListTest, TestProject1, Version=1.0.0.0, Culture=neutral, PublicKeyToken=null" name="AddTest" />
    </UnitTest>
  </TestDefinitions>
  <TestLists>
    <TestList name="Results Not in a List" id="8c84fa94-04c1-424b-9868-57a2d4851a1d" />
    <TestList name="All Loaded Results" id="19431567-8539-422a-85d7-44ee4e166bda" />
  </TestLists>
  <TestEntries>
    <TestEntry testId="5476d579-e9df-421d-70e5-474ad8b7344b" executionId="922ffd0d-c090-4ecf-852a-366360b203f4" testListId="8c84fa94-04c1-424b-9868-57a2d4851a1d" />
  </TestEntries>
  <Results>
    <UnitTestResult executionId="922ffd0d-c090-4ecf-852a-366360b203f4" testId="5476d579-e9df-421d-70e5-474ad8b7344b" testName="AddTest" computerName="INLTD12613" duration="00:00:55.3242000" startTime="2016-06-05T10:55:12.6308531+05:30" endTime="2016-06-05T10:56:07.9550531+05:30" testType="13cdc9d9-ddb5-4fa4-a97d-d965ccfc6d4b" outcome="Aborted" testListId="8c84fa94-04c1-424b-9868-57a2d4851a1d" relativeResultsDirectory="922ffd0d-c090-4ecf-852a-366360b203f4">
    </UnitTestResult>
  </Results>
</TestRun>