<?xml version="1.0" encoding="UTF-8"?>
<TestRun id="fa874414-4536-4ede-8910-57d2b129026e" name="QW29@INLTD12613 2016-06-05 10:59:23" runUser="TESCOGLOBAL\QW29" xmlns="http://microsoft.com/schemas/VisualStudio/TeamTest/2010">
  <TestSettings name="Local" id="60266e05-263a-4775-821d-544588b99287">
    <Description>These are default test settings for a local test run.</Description>
    <Deployment enabled="false" runDeploymentRoot="QW29_INLTD12613 2016-06-05 10_59_23">
      <DeploymentItem filename="D:\Test\webApp\webApp\bin\webApp.dll" />
    </Deployment>
    <Execution>
      <TestTypeSpecific />
      <AgentRule name="Execution Agents">
      </AgentRule>
    </Execution>
  </TestSettings>
  <Times creation="2016-06-05T10:59:23.7145531+05:30" queuing="2016-06-05T10:59:23.9017531+05:30" start="2016-06-05T10:59:23.9329531+05:30" finish="2016-06-05T10:59:24.2293531+05:30" />
  <ResultSummary outcome="Completed">
    <Counters total="1" executed="1" passed="1" error="0" failed="0" timeout="0" aborted="0" inconclusive="0" passedButRunAborted="0" notRunnable="0" notExecuted="0" disconnected="0" warning="0" completed="0" inProgress="0" pending="0" />
  </ResultSummary>
  <TestDefinitions>
    <UnitTest name="findFactorialsTest" storage="d:\test\webapp\testproject1\bin\debug\testproject1.dll" id="4db3daca-83c9-c405-525d-4aa600d705e3">
      <Execution id="21b8a9a2-a6bd-449a-8cad-528dc8185a08" />
      <TestMethod codeBase="D:/Test/webApp/TestProject1/bin/Debug/TestProject1.DLL" adapterTypeName="Microsoft.VisualStudio.TestTools.TestTypes.Unit.UnitTestAdapter, Microsoft.VisualStudio.QualityTools.Tips.UnitTest.Adapter, Version=10.0.0.0, Culture=neutral, PublicKeyToken=b03f5f7f11d50a3a" className="TestProject1.StringOperationsTest, TestProject1, Version=1.0.0.0, Culture=neutral, PublicKeyToken=null" name="findFactorialsTest" />
    </UnitTest>
  </TestDefinitions>
  <TestLists>
    <TestList name="Results Not in a List" id="8c84fa94-04c1-424b-9868-57a2d4851a1d" />
    <TestList name="All Loaded Results" id="19431567-8539-422a-85d7-44ee4e166bda" />
  </TestLists>
  <TestEntries>
    <TestEntry testId="4db3daca-83c9-c405-525d-4aa600d705e3" executionId="21b8a9a2-a6bd-449a-8cad-528dc8185a08" testListId="8c84fa94-04c1-424b-9868-57a2d4851a1d" />
  </TestEntries>
  <Results>
    <UnitTestResult executionId="21b8a9a2-a6bd-449a-8cad-528dc8185a08" testId="4db3daca-83c9-c405-525d-4aa600d705e3" testName="findFactorialsTest" computerName="INLTD12613" duration="00:00:00.0315209" startTime="2016-06-05T10:59:23.9797531+05:30" endTime="2016-06-05T10:59:24.1981531+05:30" testType="13cdc9d9-ddb5-4fa4-a97d-d965ccfc6d4b" outcome="Passed" testListId="8c84fa94-04c1-424b-9868-57a2d4851a1d" relativeResultsDirectory="21b8a9a2-a6bd-449a-8cad-528dc8185a08">
    </UnitTestResult>
  </Results>
</TestRun>