<?xml version="1.0" encoding="UTF-8"?>
<TestRun id="84dd4751-15ad-4224-b65f-5d7072b034aa" name="QW29@INLTD12613 2016-06-05 10:52:18" runUser="TESCOGLOBAL\QW29" xmlns="http://microsoft.com/schemas/VisualStudio/TeamTest/2010">
  <TestSettings name="Local" id="60266e05-263a-4775-821d-544588b99287">
    <Description>These are default test settings for a local test run.</Description>
    <Deployment enabled="false" runDeploymentRoot="QW29_INLTD12613 2016-06-05 10_52_18">
      <DeploymentItem filename="D:\Test\webApp\webApp\bin\webApp.dll" />
    </Deployment>
    <Execution>
      <TestTypeSpecific />
      <AgentRule name="Execution Agents">
      </AgentRule>
    </Execution>
  </TestSettings>
  <Times creation="2016-06-05T10:52:18.4914003+05:30" queuing="2016-06-05T10:52:19.5104527+05:30" start="2016-06-05T10:52:19.6196583+05:30" finish="2016-06-05T10:52:21.6371619+05:30" />
  <ResultSummary outcome="Completed">
    <Counters total="1" executed="1" passed="1" error="0" failed="0" timeout="0" aborted="0" inconclusive="0" passedButRunAborted="0" notRunnable="0" notExecuted="0" disconnected="0" warning="0" completed="0" inProgress="0" pending="0" />
  </ResultSummary>
  <TestDefinitions>
    <UnitTest name="TestMethod1" storage="d:\test\webapp\testproject1\bin\debug\testproject1.dll" id="59863143-3238-122e-4d8a-637b491cc755">
      <Execution id="61517d4b-4b69-4a89-869e-b182037331a8" />
      <TestMethod codeBase="D:/Test/webApp/TestProject1/bin/Debug/TestProject1.DLL" adapterTypeName="Microsoft.VisualStudio.TestTools.TestTypes.Unit.UnitTestAdapter, Microsoft.VisualStudio.QualityTools.Tips.UnitTest.Adapter, Version=10.0.0.0, Culture=neutral, PublicKeyToken=b03f5f7f11d50a3a" className="TestProject1.UnitTest1, TestProject1, Version=1.0.0.0, Culture=neutral, PublicKeyToken=null" name="TestMethod1" />
    </UnitTest>
  </TestDefinitions>
  <TestLists>
    <TestList name="Results Not in a List" id="8c84fa94-04c1-424b-9868-57a2d4851a1d" />
    <TestList name="All Loaded Results" id="19431567-8539-422a-85d7-44ee4e166bda" />
  </TestLists>
  <TestEntries>
    <TestEntry testId="59863143-3238-122e-4d8a-637b491cc755" executionId="61517d4b-4b69-4a89-869e-b182037331a8" testListId="8c84fa94-04c1-424b-9868-57a2d4851a1d" />
  </TestEntries>
  <Results>
    <UnitTestResult executionId="61517d4b-4b69-4a89-869e-b182037331a8" testId="59863143-3238-122e-4d8a-637b491cc755" testName="TestMethod1" computerName="INLTD12613" duration="00:00:00.0108971" startTime="2016-06-05T10:52:19.7444647+05:30" endTime="2016-06-05T10:52:21.5123555+05:30" testType="13cdc9d9-ddb5-4fa4-a97d-d965ccfc6d4b" outcome="Passed" testListId="8c84fa94-04c1-424b-9868-57a2d4851a1d" relativeResultsDirectory="61517d4b-4b69-4a89-869e-b182037331a8">
    </UnitTestResult>
  </Results>
</TestRun>