<?xml version="1.0" encoding="UTF-8"?>
<TestRun id="be2d92b5-369e-425e-a0e3-dfdd3cea72d8" name="TE67@VDI01T10HSC-102 2015-10-22 10:54:22" runUser="DOTCOM\TE67" xmlns="http://microsoft.com/schemas/VisualStudio/TeamTest/2010">
  <TestSettings name="Default Test Settings" id="76014dd7-b5a1-4fe7-96ef-9710454e506f">
    <Execution>
      <TestTypeSpecific />
      <AgentRule name="Execution Agents">
      </AgentRule>
    </Execution>
    <Deployment runDeploymentRoot="TE67_VDI01T10HSC-102 2015-10-22 10_54_22" />
  </TestSettings>
  <Times creation="2015-10-22T10:54:22.6146359+01:00" queuing="2015-10-22T10:54:22.9876359+01:00" start="2015-10-22T10:54:23.0556359+01:00" finish="2015-10-22T10:54:44.8806359+01:00" />
  <ResultSummary outcome="Completed">
    <Counters total="1" executed="1" passed="1" error="0" failed="0" timeout="0" aborted="0" inconclusive="0" passedButRunAborted="0" notRunnable="0" notExecuted="0" disconnected="0" warning="0" completed="0" inProgress="0" pending="0" />
  </ResultSummary>
  <TestDefinitions>
    <UnitTest name="OneWay" storage="e:\mca_testframework\tesco.mca.testframeworks\tesco.framework.uitesting\bin\debug\tesco.framework.uitesting.dll" id="68104939-77fe-41ef-131f-ed6d174aef80">
      <TestCategory>
        <TestCategoryItem TestCategory="Hotel" />
        <TestCategoryItem TestCategory="A2" />
      </TestCategory>
      <Execution id="7e9436f3-ff82-4940-931c-84fd205ec3c0" />
      <TestMethod codeBase="E:/MCA_TESTFRAMEWORK/Tesco.MCA.TestFrameworks/Tesco.Framework.UITesting/bin/Debug/Tesco.Framework.UITesting.DLL" adapterTypeName="Microsoft.VisualStudio.TestTools.TestTypes.Unit.UnitTestAdapter, Microsoft.VisualStudio.QualityTools.Tips.UnitTest.Adapter, Version=10.0.0.0, Culture=neutral, PublicKeyToken=b03f5f7f11d50a3a" className="Tesco.Framework.UITesting.UnitTest1, Tesco.Framework.UITesting, Version=1.0.0.0, Culture=neutral, PublicKeyToken=null" name="OneWay" />
    </UnitTest>
  </TestDefinitions>
  <TestLists>
    <TestList name="Results Not in a List" id="8c84fa94-04c1-424b-9868-57a2d4851a1d" />
    <TestList name="All Loaded Results" id="19431567-8539-422a-85d7-44ee4e166bda" />
  </TestLists>
  <TestEntries>
    <TestEntry testId="68104939-77fe-41ef-131f-ed6d174aef80" executionId="7e9436f3-ff82-4940-931c-84fd205ec3c0" testListId="8c84fa94-04c1-424b-9868-57a2d4851a1d" />
  </TestEntries>
  <Results>
    <UnitTestResult executionId="7e9436f3-ff82-4940-931c-84fd205ec3c0" testId="68104939-77fe-41ef-131f-ed6d174aef80" testName="OneWay" computerName="VDI01T10HSC-102" duration="00:00:20.3905129" startTime="2015-10-22T10:54:23.0696359+01:00" endTime="2015-10-22T10:54:44.7836359+01:00" testType="13cdc9d9-ddb5-4fa4-a97d-d965ccfc6d4b" outcome="Passed" testListId="8c84fa94-04c1-424b-9868-57a2d4851a1d" relativeResultsDirectory="7e9436f3-ff82-4940-931c-84fd205ec3c0">
    </UnitTestResult>
  </Results>
</TestRun>